  Game.cpp
C:\Users\MY\Desktop\Computer Graphics Project\Mini Ski\Game.cpp(95,1): warning C4326: 'main'의 반환 형식이 'int'이어야 하는데 'void'입니다.
C:\Users\MY\Desktop\Computer Graphics Project\Mini Ski\Game.cpp(125,28): warning C4244: '인수': 'double'에서 '_Ty'(으)로 변환하면서 데이터가 손실될 수 있습니다.
          with
          [
              _Ty=float
          ]
C:\Users\MY\Desktop\Computer Graphics Project\Mini Ski\Game.cpp(518,23): warning C4305: '-=': 'double'에서 '_Ty'(으)로 잘립니다.
          with
          [
              _Ty=float
          ]
C:\Users\MY\Desktop\Computer Graphics Project\Mini Ski\Game.cpp(522,23): warning C4305: '+=': 'double'에서 '_Ty'(으)로 잘립니다.
          with
          [
              _Ty=float
          ]
C:\Users\MY\Desktop\Computer Graphics Project\Mini Ski\Game.cpp(535,17): warning C4305: '인수': 'double'에서 'float'(으)로 잘립니다.
C:\Users\MY\Desktop\Computer Graphics Project\Mini Ski\Game.cpp(539,16): warning C4305: '인수': 'double'에서 'float'(으)로 잘립니다.
  Mini Ski.vcxproj -> C:\Users\MY\Desktop\Computer Graphics Project\Debug\Mini Ski.exe
